2023-11-30 16:26:53,237-[ERROR]-用例充值成功-整数未通过
2023-11-30 16:26:53,238-[INFO]-预期结果为{'code': 0, 'msg': 'OK'}
2023-11-30 16:26:53,400-[ERROR]-用例充值成功-1位小数未通过
2023-11-30 16:26:53,400-[INFO]-预期结果为{'code': 0, 'msg': 'OK'}
2023-11-30 16:26:53,535-[ERROR]-用例充值成功-2位小数未通过
2023-11-30 16:26:53,536-[INFO]-预期结果为{'code': 0, 'msg': 'OK'}
2023-11-30 16:26:53,676-[ERROR]-用例充值成功-50万未通过
2023-11-30 16:26:53,676-[INFO]-预期结果为{'code': 0, 'msg': 'OK'}
2023-11-30 16:26:53,775-[ERROR]-用例会员id为空未通过
2023-11-30 16:26:53,776-[INFO]-预期结果为{'code': 1, 'msg': '用户id为空'}
2023-11-30 16:26:53,898-[ERROR]-用例id不是当前登录的用户未通过
2023-11-30 16:26:53,898-[INFO]-预期结果为{'code': 1007, 'msg': '无权限访问，请检查参数'}
2023-11-30 16:26:54,043-[ERROR]-用例会员id为字符串未通过
2023-11-30 16:26:54,043-[INFO]-预期结果为{'code': 2, 'msg': '数字格式化异常'}
2023-11-30 16:26:54,157-[ERROR]-用例会员id为小数未通过
2023-11-30 16:26:54,157-[INFO]-预期结果为{'code': 2, 'msg': '数字格式化异常'}
2023-11-30 16:26:54,279-[ERROR]-用例充值金额为0未通过
2023-11-30 16:26:54,279-[INFO]-预期结果为{'code': 2, 'msg': '金额必须大于0并且小于或者等于500000'}
2023-11-30 16:26:54,390-[ERROR]-用例充值金额为负数未通过
2023-11-30 16:26:54,390-[INFO]-预期结果为{'code': 2, 'msg': '余额必须大于0并且小于或者等于500000'}
2023-11-30 16:26:54,503-[ERROR]-用例充值金额为空未通过
2023-11-30 16:26:54,503-[INFO]-预期结果为{'code': 1, 'msg': '充值金额为空'}
2023-11-30 16:26:54,626-[ERROR]-用例充值金额-3位小数未通过
2023-11-30 16:26:54,626-[INFO]-预期结果为{'code': 2, 'msg': '金额小数超过两位'}
2023-11-30 16:26:54,742-[ERROR]-用例充值金额-大于50万未通过
2023-11-30 16:26:54,743-[INFO]-预期结果为{'code': 2, 'msg': '金额必须大于0并且小于或者等于500000'}
2023-11-30 16:26:54,886-[ERROR]-用例充值金额-非数字未通过
2023-11-30 16:26:54,886-[INFO]-预期结果为{'code': 2, 'msg': '数字格式化异常'}
2023-11-30 16:30:23,766-[ERROR]-用例会员id为空未通过
2023-11-30 16:30:23,767-[INFO]-预期结果为{'code': 1, 'msg': '用户id为空'}
2023-11-30 16:30:23,876-[ERROR]-用例id不是当前登录的用户未通过
2023-11-30 16:30:23,877-[INFO]-预期结果为{'code': 1007, 'msg': '无权限访问，请检查参数'}
2023-11-30 16:30:24,031-[ERROR]-用例会员id为字符串未通过
2023-11-30 16:30:24,031-[INFO]-预期结果为{'code': 2, 'msg': '数字格式化异常'}
2023-11-30 16:30:24,185-[ERROR]-用例会员id为小数未通过
2023-11-30 16:30:24,185-[INFO]-预期结果为{'code': 2, 'msg': '数字格式化异常'}
2023-11-30 16:30:24,291-[ERROR]-用例充值金额为0未通过
2023-11-30 16:30:24,291-[INFO]-预期结果为{'code': 2, 'msg': '金额必须大于0并且小于或者等于500000'}
2023-11-30 16:30:24,397-[ERROR]-用例充值金额为负数未通过
2023-11-30 16:30:24,397-[INFO]-预期结果为{'code': 2, 'msg': '余额必须大于0并且小于或者等于500000'}
2023-11-30 16:30:24,500-[ERROR]-用例充值金额为空未通过
2023-11-30 16:30:24,501-[INFO]-预期结果为{'code': 1, 'msg': '充值金额为空'}
2023-11-30 16:30:24,616-[ERROR]-用例充值金额-3位小数未通过
2023-11-30 16:30:24,616-[INFO]-预期结果为{'code': 2, 'msg': '金额小数超过两位'}
2023-11-30 16:30:24,717-[ERROR]-用例充值金额-大于50万未通过
2023-11-30 16:30:24,717-[INFO]-预期结果为{'code': 2, 'msg': '金额必须大于0并且小于或者等于500000'}
2023-11-30 16:30:24,827-[ERROR]-用例充值金额-非数字未通过
2023-11-30 16:30:24,827-[INFO]-预期结果为{'code': 2, 'msg': '数字格式化异常'}
2023-11-30 16:46:59,069-[ERROR]-用例充值成功-整数未通过
2023-11-30 16:46:59,069-[INFO]-预期结果为{'code': 0, 'msg': 'OK'}
2023-11-30 16:46:59,225-[ERROR]-用例充值成功-1位小数未通过
2023-11-30 16:46:59,225-[INFO]-预期结果为{'code': 0, 'msg': 'OK'}
2023-11-30 16:46:59,401-[ERROR]-用例充值成功-2位小数未通过
2023-11-30 16:46:59,402-[INFO]-预期结果为{'code': 0, 'msg': 'OK'}
2023-11-30 16:46:59,585-[ERROR]-用例充值成功-50万未通过
2023-11-30 16:46:59,586-[INFO]-预期结果为{'code': 0, 'msg': 'OK'}
2023-11-30 16:46:59,703-[ERROR]-用例会员id为空未通过
2023-11-30 16:46:59,703-[INFO]-预期结果为{'code': 1, 'msg': '用户id为空'}
2023-11-30 16:46:59,824-[ERROR]-用例id不是当前登录的用户未通过
2023-11-30 16:46:59,824-[INFO]-预期结果为{'code': 1007, 'msg': '无权限访问，请检查参数'}
2023-11-30 16:46:59,969-[ERROR]-用例会员id为字符串未通过
2023-11-30 16:46:59,970-[INFO]-预期结果为{'code': 2, 'msg': '数字格式化异常'}
2023-11-30 16:47:00,090-[ERROR]-用例会员id为小数未通过
2023-11-30 16:47:00,091-[INFO]-预期结果为{'code': 2, 'msg': '数字格式化异常'}
2023-11-30 16:47:00,214-[ERROR]-用例充值金额为0未通过
2023-11-30 16:47:00,215-[INFO]-预期结果为{'code': 2, 'msg': '金额必须大于0并且小于或者等于500000'}
2023-11-30 16:47:00,354-[ERROR]-用例充值金额为负数未通过
2023-11-30 16:47:00,354-[INFO]-预期结果为{'code': 2, 'msg': '余额必须大于0并且小于或者等于500000'}
2023-11-30 16:47:00,472-[ERROR]-用例充值金额为空未通过
2023-11-30 16:47:00,472-[INFO]-预期结果为{'code': 1, 'msg': '充值金额为空'}
2023-11-30 16:47:00,573-[ERROR]-用例充值金额-3位小数未通过
2023-11-30 16:47:00,573-[INFO]-预期结果为{'code': 2, 'msg': '金额小数超过两位'}
2023-11-30 16:47:00,730-[ERROR]-用例充值金额-大于50万未通过
2023-11-30 16:47:00,730-[INFO]-预期结果为{'code': 2, 'msg': '金额必须大于0并且小于或者等于500000'}
2023-11-30 16:47:00,863-[ERROR]-用例充值金额-非数字未通过
2023-11-30 16:47:00,864-[INFO]-预期结果为{'code': 2, 'msg': '数字格式化异常'}
2023-11-30 17:06:12,279-[INFO]-用例登录成功测试通过
2023-11-30 17:06:12,338-[INFO]-用例手机号为空测试通过
2023-11-30 17:06:12,392-[INFO]-用例密码为空测试通过
2023-11-30 17:06:12,526-[INFO]-用例手机号未注册测试通过
2023-11-30 17:06:12,652-[INFO]-用例密码错误测试通过
2023-11-30 17:06:12,710-[INFO]-用例手机号格式错误测试通过
2023-11-30 17:06:31,699-[INFO]-用例登录成功测试通过
2023-11-30 17:06:31,813-[INFO]-用例手机号为空测试通过
2023-11-30 17:06:31,928-[INFO]-用例密码为空测试通过
2023-11-30 17:06:32,080-[INFO]-用例手机号未注册测试通过
2023-11-30 17:06:32,218-[INFO]-用例密码错误测试通过
2023-11-30 17:06:32,333-[INFO]-用例手机号格式错误测试通过
2023-11-30 17:08:12,747-[ERROR]-用例充值成功-整数未通过
2023-11-30 17:08:12,747-[INFO]-预期结果为{'code': 0, 'msg': 'OK'}
2023-11-30 17:08:12,904-[ERROR]-用例充值成功-1位小数未通过
2023-11-30 17:08:12,905-[INFO]-预期结果为{'code': 0, 'msg': 'OK'}
2023-11-30 17:08:13,067-[ERROR]-用例充值成功-2位小数未通过
2023-11-30 17:08:13,068-[INFO]-预期结果为{'code': 0, 'msg': 'OK'}
2023-11-30 17:08:13,222-[ERROR]-用例充值成功-50万未通过
2023-11-30 17:08:13,222-[INFO]-预期结果为{'code': 0, 'msg': 'OK'}
2023-11-30 17:08:13,336-[ERROR]-用例会员id为空未通过
2023-11-30 17:08:13,337-[INFO]-预期结果为{'code': 1, 'msg': '用户id为空'}
2023-11-30 17:08:13,468-[ERROR]-用例id不是当前登录的用户未通过
2023-11-30 17:08:13,468-[INFO]-预期结果为{'code': 1007, 'msg': '无权限访问，请检查参数'}
2023-11-30 17:08:13,620-[ERROR]-用例会员id为字符串未通过
2023-11-30 17:08:13,620-[INFO]-预期结果为{'code': 2, 'msg': '数字格式化异常'}
2023-11-30 17:08:13,748-[ERROR]-用例会员id为小数未通过
2023-11-30 17:08:13,748-[INFO]-预期结果为{'code': 2, 'msg': '数字格式化异常'}
2023-11-30 17:08:13,883-[ERROR]-用例充值金额为0未通过
2023-11-30 17:08:13,883-[INFO]-预期结果为{'code': 2, 'msg': '金额必须大于0并且小于或者等于500000'}
2023-11-30 17:08:13,988-[ERROR]-用例充值金额为负数未通过
2023-11-30 17:08:13,988-[INFO]-预期结果为{'code': 2, 'msg': '余额必须大于0并且小于或者等于500000'}
2023-11-30 17:08:14,104-[ERROR]-用例充值金额为空未通过
2023-11-30 17:08:14,104-[INFO]-预期结果为{'code': 1, 'msg': '充值金额为空'}
2023-11-30 17:08:14,228-[ERROR]-用例充值金额-3位小数未通过
2023-11-30 17:08:14,228-[INFO]-预期结果为{'code': 2, 'msg': '金额小数超过两位'}
2023-11-30 17:08:14,340-[ERROR]-用例充值金额-大于50万未通过
2023-11-30 17:08:14,341-[INFO]-预期结果为{'code': 2, 'msg': '金额必须大于0并且小于或者等于500000'}
2023-11-30 17:08:14,460-[ERROR]-用例充值金额-非数字未通过
2023-11-30 17:08:14,461-[INFO]-预期结果为{'code': 2, 'msg': '数字格式化异常'}
2023-11-30 19:10:56,769-[ERROR]-用例充值成功-整数未通过
2023-11-30 19:10:56,770-[INFO]-预期结果为{'code': 0, 'msg': 'OK'}
2023-11-30 19:10:56,940-[ERROR]-用例充值成功-1位小数未通过
2023-11-30 19:10:56,941-[INFO]-预期结果为{'code': 0, 'msg': 'OK'}
2023-11-30 19:10:57,136-[ERROR]-用例充值成功-2位小数未通过
2023-11-30 19:10:57,137-[INFO]-预期结果为{'code': 0, 'msg': 'OK'}
2023-11-30 19:10:57,313-[ERROR]-用例充值成功-50万未通过
2023-11-30 19:10:57,313-[INFO]-预期结果为{'code': 0, 'msg': 'OK'}
2023-11-30 19:10:57,441-[ERROR]-用例会员id为空未通过
2023-11-30 19:10:57,442-[INFO]-预期结果为{'code': 1, 'msg': '用户id为空'}
2023-11-30 19:10:57,571-[ERROR]-用例id不是当前登录的用户未通过
2023-11-30 19:10:57,571-[INFO]-预期结果为{'code': 1007, 'msg': '无权限访问，请检查参数'}
2023-11-30 19:10:57,685-[ERROR]-用例会员id为字符串未通过
2023-11-30 19:10:57,686-[INFO]-预期结果为{'code': 2, 'msg': '数字格式化异常'}
2023-11-30 19:10:57,797-[ERROR]-用例会员id为小数未通过
2023-11-30 19:10:57,797-[INFO]-预期结果为{'code': 2, 'msg': '数字格式化异常'}
2023-11-30 19:10:57,917-[ERROR]-用例充值金额为0未通过
2023-11-30 19:10:57,918-[INFO]-预期结果为{'code': 2, 'msg': '金额必须大于0并且小于或者等于500000'}
2023-11-30 19:10:58,041-[ERROR]-用例充值金额为负数未通过
2023-11-30 19:10:58,042-[INFO]-预期结果为{'code': 2, 'msg': '余额必须大于0并且小于或者等于500000'}
2023-11-30 19:10:58,169-[ERROR]-用例充值金额为空未通过
2023-11-30 19:10:58,169-[INFO]-预期结果为{'code': 1, 'msg': '充值金额为空'}
2023-11-30 19:10:58,300-[ERROR]-用例充值金额-3位小数未通过
2023-11-30 19:10:58,301-[INFO]-预期结果为{'code': 2, 'msg': '金额小数超过两位'}
2023-11-30 19:10:58,432-[ERROR]-用例充值金额-大于50万未通过
2023-11-30 19:10:58,433-[INFO]-预期结果为{'code': 2, 'msg': '金额必须大于0并且小于或者等于500000'}
2023-11-30 19:10:58,580-[ERROR]-用例充值金额-非数字未通过
2023-11-30 19:10:58,580-[INFO]-预期结果为{'code': 2, 'msg': '数字格式化异常'}
2023-11-30 19:12:21,428-[ERROR]-用例充值成功-整数未通过
2023-11-30 19:12:21,429-[INFO]-预期结果为{'code': 0, 'msg': 'OK'}
2023-11-30 19:12:21,592-[ERROR]-用例充值成功-1位小数未通过
2023-11-30 19:12:21,593-[INFO]-预期结果为{'code': 0, 'msg': 'OK'}
2023-11-30 19:12:21,763-[ERROR]-用例充值成功-2位小数未通过
2023-11-30 19:12:21,764-[INFO]-预期结果为{'code': 0, 'msg': 'OK'}
2023-11-30 19:12:21,936-[ERROR]-用例充值成功-50万未通过
2023-11-30 19:12:21,936-[INFO]-预期结果为{'code': 0, 'msg': 'OK'}
2023-11-30 19:12:22,053-[ERROR]-用例会员id为空未通过
2023-11-30 19:12:22,053-[INFO]-预期结果为{'code': 1, 'msg': '用户id为空'}
2023-11-30 19:12:22,159-[ERROR]-用例id不是当前登录的用户未通过
2023-11-30 19:12:22,159-[INFO]-预期结果为{'code': 1007, 'msg': '无权限访问，请检查参数'}
2023-11-30 19:12:22,295-[ERROR]-用例会员id为字符串未通过
2023-11-30 19:12:22,295-[INFO]-预期结果为{'code': 2, 'msg': '数字格式化异常'}
2023-11-30 19:12:22,441-[ERROR]-用例会员id为小数未通过
2023-11-30 19:12:22,442-[INFO]-预期结果为{'code': 2, 'msg': '数字格式化异常'}
2023-11-30 19:12:22,576-[ERROR]-用例充值金额为0未通过
2023-11-30 19:12:22,576-[INFO]-预期结果为{'code': 2, 'msg': '金额必须大于0并且小于或者等于500000'}
2023-11-30 19:12:22,697-[ERROR]-用例充值金额为负数未通过
2023-11-30 19:12:22,697-[INFO]-预期结果为{'code': 2, 'msg': '余额必须大于0并且小于或者等于500000'}
2023-11-30 19:12:22,818-[ERROR]-用例充值金额为空未通过
2023-11-30 19:12:22,818-[INFO]-预期结果为{'code': 1, 'msg': '充值金额为空'}
2023-11-30 19:12:22,945-[ERROR]-用例充值金额-3位小数未通过
2023-11-30 19:12:22,946-[INFO]-预期结果为{'code': 2, 'msg': '金额小数超过两位'}
2023-11-30 19:12:23,093-[ERROR]-用例充值金额-大于50万未通过
2023-11-30 19:12:23,093-[INFO]-预期结果为{'code': 2, 'msg': '金额必须大于0并且小于或者等于500000'}
2023-11-30 19:12:23,249-[ERROR]-用例充值金额-非数字未通过
2023-11-30 19:12:23,250-[INFO]-预期结果为{'code': 2, 'msg': '数字格式化异常'}
2023-11-30 19:28:33,108-[ERROR]-用例---会员id为字符串---执行未通过
2023-11-30 19:28:33,110-[DEBUG]-预期结果：{'code': 2, 'msg': '数字格式化异常'}
2023-11-30 19:28:33,324-[ERROR]-用例---充值金额为0---执行未通过
2023-11-30 19:28:33,324-[DEBUG]-预期结果：{'code': 2, 'msg': '金额必须大于0并且小于或者等于500000'}
2023-11-30 19:28:33,503-[ERROR]-用例---充值金额为空---执行未通过
2023-11-30 19:28:33,503-[DEBUG]-预期结果：{'code': 1, 'msg': '充值金额为空'}
2023-11-30 19:28:33,584-[ERROR]-用例---充值金额-3位小数---执行未通过
2023-11-30 19:28:33,584-[DEBUG]-预期结果：{'code': 2, 'msg': '金额小数超过两位'}
2023-11-30 19:28:33,686-[ERROR]-用例---充值金额-大于50万---执行未通过
2023-11-30 19:28:33,686-[DEBUG]-预期结果：{'code': 2, 'msg': '金额必须大于0并且小于或者等于500000'}
2023-11-30 19:28:57,292-[ERROR]-用例---会员id为字符串---执行未通过
2023-11-30 19:28:57,292-[DEBUG]-预期结果：{'code': 2, 'msg': '数字格式化异常'}
2023-11-30 19:28:57,537-[ERROR]-用例---充值金额为0---执行未通过
2023-11-30 19:28:57,537-[DEBUG]-预期结果：{'code': 2, 'msg': '金额必须大于0并且小于或者等于500000'}
2023-11-30 19:28:57,781-[ERROR]-用例---充值金额为空---执行未通过
2023-11-30 19:28:57,781-[DEBUG]-预期结果：{'code': 1, 'msg': '充值金额为空'}
2023-11-30 19:28:57,912-[ERROR]-用例---充值金额-3位小数---执行未通过
2023-11-30 19:28:57,913-[DEBUG]-预期结果：{'code': 2, 'msg': '金额小数超过两位'}
2023-11-30 19:28:58,067-[ERROR]-用例---充值金额-大于50万---执行未通过
2023-11-30 19:28:58,067-[DEBUG]-预期结果：{'code': 2, 'msg': '金额必须大于0并且小于或者等于500000'}
2023-11-30 19:29:19,522-[INFO]-开始执行测试用例....
2023-11-30 19:29:20,644-[INFO]-用例登录成功测试通过
2023-11-30 19:29:20,726-[INFO]-用例手机号为空测试通过
2023-11-30 19:29:20,819-[INFO]-用例密码为空测试通过
2023-11-30 19:29:20,977-[INFO]-用例手机号未注册测试通过
2023-11-30 19:29:21,128-[INFO]-用例密码错误测试通过
2023-11-30 19:29:21,226-[INFO]-用例手机号格式错误测试通过
2023-11-30 19:29:22,280-[ERROR]-用例---会员id为字符串---执行未通过
2023-11-30 19:29:22,280-[DEBUG]-预期结果：{'code': 2, 'msg': '数字格式化异常'}
2023-11-30 19:29:22,463-[ERROR]-用例---充值金额为0---执行未通过
2023-11-30 19:29:22,463-[DEBUG]-预期结果：{'code': 2, 'msg': '金额必须大于0并且小于或者等于500000'}
2023-11-30 19:29:22,639-[ERROR]-用例---充值金额为空---执行未通过
2023-11-30 19:29:22,639-[DEBUG]-预期结果：{'code': 1, 'msg': '充值金额为空'}
2023-11-30 19:29:22,728-[ERROR]-用例---充值金额-3位小数---执行未通过
2023-11-30 19:29:22,729-[DEBUG]-预期结果：{'code': 2, 'msg': '金额小数超过两位'}
2023-11-30 19:29:22,822-[ERROR]-用例---充值金额-大于50万---执行未通过
2023-11-30 19:29:22,822-[DEBUG]-预期结果：{'code': 2, 'msg': '金额必须大于0并且小于或者等于500000'}
2023-11-30 19:29:22,986-[INFO]-用例执行完毕
