2023-12-01 19:15:35,221-[ERROR]-用例---会员id为字符串---执行未通过
2023-12-01 19:15:35,222-[DEBUG]-预期结果：{'code': 2, 'msg': '数字格式化异常'}
2023-12-01 19:15:35,410-[ERROR]-用例---充值金额为0---执行未通过
2023-12-01 19:15:35,410-[DEBUG]-预期结果：{'code': 2, 'msg': '金额必须大于0并且小于或者等于500000'}
2023-12-01 19:15:35,575-[ERROR]-用例---充值金额为空---执行未通过
2023-12-01 19:15:35,575-[DEBUG]-预期结果：{'code': 1, 'msg': '充值金额为空'}
2023-12-01 19:15:35,675-[ERROR]-用例---充值金额-3位小数---执行未通过
2023-12-01 19:15:35,675-[DEBUG]-预期结果：{'code': 2, 'msg': '金额小数超过两位'}
2023-12-01 19:15:35,776-[ERROR]-用例---充值金额-大于50万---执行未通过
2023-12-01 19:15:35,777-[DEBUG]-预期结果：{'code': 2, 'msg': '金额必须大于0并且小于或者等于500000'}
2023-12-01 19:15:58,471-[ERROR]-用例---会员id为字符串---执行未通过
2023-12-01 19:15:58,471-[DEBUG]-预期结果：{'code': 2, 'msg': '数字格式化异常'}
2023-12-01 19:15:58,696-[ERROR]-用例---充值金额为0---执行未通过
2023-12-01 19:15:58,696-[DEBUG]-预期结果：{'code': 2, 'msg': '金额必须大于0并且小于或者等于500000'}
2023-12-01 19:15:58,909-[ERROR]-用例---充值金额为空---执行未通过
2023-12-01 19:15:58,909-[DEBUG]-预期结果：{'code': 1, 'msg': '充值金额为空'}
2023-12-01 19:15:59,042-[ERROR]-用例---充值金额-3位小数---执行未通过
2023-12-01 19:15:59,043-[DEBUG]-预期结果：{'code': 2, 'msg': '金额小数超过两位'}
2023-12-01 19:15:59,200-[ERROR]-用例---充值金额-大于50万---执行未通过
2023-12-01 19:15:59,200-[DEBUG]-预期结果：{'code': 2, 'msg': '金额必须大于0并且小于或者等于500000'}
2023-12-01 19:55:47,589-[INFO]-开始执行测试用例....
2023-12-01 19:55:48,793-[INFO]-用例登录成功测试通过
2023-12-01 19:55:48,879-[INFO]-用例手机号为空测试通过
2023-12-01 19:55:48,965-[INFO]-用例密码为空测试通过
2023-12-01 19:55:49,121-[INFO]-用例手机号未注册测试通过
2023-12-01 19:55:49,264-[INFO]-用例密码错误测试通过
2023-12-01 19:55:49,382-[INFO]-用例手机号格式错误测试通过
2023-12-01 19:55:50,534-[ERROR]-用例---会员id为字符串---执行未通过
2023-12-01 19:55:50,535-[DEBUG]-预期结果：{'code': 2, 'msg': '数字格式化异常'}
2023-12-01 19:55:50,749-[ERROR]-用例---充值金额为0---执行未通过
2023-12-01 19:55:50,749-[DEBUG]-预期结果：{'code': 2, 'msg': '金额必须大于0并且小于或者等于500000'}
2023-12-01 19:55:50,932-[ERROR]-用例---充值金额为空---执行未通过
2023-12-01 19:55:50,932-[DEBUG]-预期结果：{'code': 1, 'msg': '充值金额为空'}
2023-12-01 19:55:51,020-[ERROR]-用例---充值金额-3位小数---执行未通过
2023-12-01 19:55:51,020-[DEBUG]-预期结果：{'code': 2, 'msg': '金额小数超过两位'}
2023-12-01 19:55:51,114-[ERROR]-用例---充值金额-大于50万---执行未通过
2023-12-01 19:55:51,114-[DEBUG]-预期结果：{'code': 2, 'msg': '金额必须大于0并且小于或者等于500000'}
2023-12-01 19:55:54,212-[INFO]-用例执行完毕
2023-12-01 19:56:34,313-[INFO]-开始执行测试用例....
2023-12-01 19:56:35,468-[INFO]-用例登录成功测试通过
2023-12-01 19:56:35,570-[INFO]-用例手机号为空测试通过
2023-12-01 19:56:35,655-[INFO]-用例密码为空测试通过
2023-12-01 19:56:35,803-[INFO]-用例手机号未注册测试通过
2023-12-01 19:56:35,964-[INFO]-用例密码错误测试通过
2023-12-01 19:56:36,074-[INFO]-用例手机号格式错误测试通过
2023-12-01 19:56:37,228-[ERROR]-用例---会员id为字符串---执行未通过
2023-12-01 19:56:37,228-[DEBUG]-预期结果：{'code': 2, 'msg': '数字格式化异常'}
2023-12-01 19:56:37,442-[ERROR]-用例---充值金额为0---执行未通过
2023-12-01 19:56:37,442-[DEBUG]-预期结果：{'code': 2, 'msg': '金额必须大于0并且小于或者等于500000'}
2023-12-01 19:56:37,633-[ERROR]-用例---充值金额为空---执行未通过
2023-12-01 19:56:37,633-[DEBUG]-预期结果：{'code': 1, 'msg': '充值金额为空'}
2023-12-01 19:56:37,734-[ERROR]-用例---充值金额-3位小数---执行未通过
2023-12-01 19:56:37,734-[DEBUG]-预期结果：{'code': 2, 'msg': '金额小数超过两位'}
2023-12-01 19:56:37,819-[ERROR]-用例---充值金额-大于50万---执行未通过
2023-12-01 19:56:37,819-[DEBUG]-预期结果：{'code': 2, 'msg': '金额必须大于0并且小于或者等于500000'}
2023-12-01 19:56:40,871-[INFO]-用例执行完毕
2023-12-01 19:57:19,807-[INFO]-开始执行测试用例....
2023-12-01 19:57:20,968-[INFO]-用例登录成功测试通过
2023-12-01 19:57:21,059-[INFO]-用例手机号为空测试通过
2023-12-01 19:57:21,144-[INFO]-用例密码为空测试通过
2023-12-01 19:57:21,302-[INFO]-用例手机号未注册测试通过
2023-12-01 19:57:21,473-[INFO]-用例密码错误测试通过
2023-12-01 19:57:21,554-[INFO]-用例手机号格式错误测试通过
2023-12-01 19:57:22,688-[ERROR]-用例---会员id为字符串---执行未通过
2023-12-01 19:57:22,688-[DEBUG]-预期结果：{'code': 2, 'msg': '数字格式化异常'}
2023-12-01 19:57:23,079-[ERROR]-用例---充值金额为0---执行未通过
2023-12-01 19:57:23,079-[DEBUG]-预期结果：{'code': 2, 'msg': '金额必须大于0并且小于或者等于500000'}
2023-12-01 19:57:23,260-[ERROR]-用例---充值金额为空---执行未通过
2023-12-01 19:57:23,260-[DEBUG]-预期结果：{'code': 1, 'msg': '充值金额为空'}
2023-12-01 19:57:23,359-[ERROR]-用例---充值金额-3位小数---执行未通过
2023-12-01 19:57:23,359-[DEBUG]-预期结果：{'code': 2, 'msg': '金额小数超过两位'}
2023-12-01 19:57:23,444-[ERROR]-用例---充值金额-大于50万---执行未通过
2023-12-01 19:57:23,444-[DEBUG]-预期结果：{'code': 2, 'msg': '金额必须大于0并且小于或者等于500000'}
2023-12-01 19:57:26,391-[INFO]-用例执行完毕
