2023-11-28 18:07:32,124-[ERROR]-用例会员id为空未通过
2023-11-28 18:07:32,126-[INFO]-预期结果为{'code': 1, 'msg': '用户id为空'}
2023-11-28 18:07:35,143-[ERROR]-用例id不是当前登录的用户未通过
2023-11-28 18:07:35,143-[INFO]-预期结果为{'code': 1007, 'msg': '无权限访问，请检查参数'}
2023-11-28 18:07:38,302-[ERROR]-用例会员id为字符串未通过
2023-11-28 18:07:38,303-[INFO]-预期结果为{'code': 2, 'msg': '数字格式化异常'}
2023-11-28 18:07:39,939-[ERROR]-用例会员id为小数未通过
2023-11-28 18:07:39,941-[INFO]-预期结果为{'code': 2, 'msg': '数字格式化异常'}
2023-11-28 18:07:42,037-[ERROR]-用例充值金额为0未通过
2023-11-28 18:07:42,037-[INFO]-预期结果为{'code': 2, 'msg': '金额必须大于0并且小于或者等于500000'}
2023-11-28 18:07:43,567-[ERROR]-用例充值金额为负数未通过
2023-11-28 18:07:43,570-[INFO]-预期结果为{'code': 2, 'msg': '余额必须大于0并且小于或者等于500000'}
2023-11-28 18:07:45,115-[ERROR]-用例充值金额为空未通过
2023-11-28 18:07:45,115-[INFO]-预期结果为{'code': 1, 'msg': '充值金额为空'}
2023-11-28 18:07:46,480-[ERROR]-用例充值金额-3位小数未通过
2023-11-28 18:07:46,480-[INFO]-预期结果为{'code': 2, 'msg': '金额小数超过两位'}
2023-11-28 18:07:48,774-[ERROR]-用例充值金额-大于50万未通过
2023-11-28 18:07:48,774-[INFO]-预期结果为{'code': 2, 'msg': '金额必须大于0并且小于或者等于500000'}
2023-11-28 18:07:50,894-[ERROR]-用例充值金额-非数字未通过
2023-11-28 18:07:50,894-[INFO]-预期结果为{'code': 2, 'msg': '数字格式化异常'}
