2023-11-24 20:05:12,636-[ERROR]-用例登录成功测试不通过
2023-11-24 20:05:12,763-[INFO]-用例手机号为空测试通过
2023-11-24 20:05:12,855-[INFO]-用例密码为空测试通过
2023-11-24 20:05:13,018-[INFO]-用例手机号未注册测试通过
2023-11-24 20:05:13,163-[INFO]-用例密码错误测试通过
2023-11-24 20:05:13,273-[INFO]-用例手机号格式错误测试通过
2023-11-24 20:08:23,763-[ERROR]-用例登录成功测试不通过
2023-11-24 20:08:23,893-[INFO]-用例手机号为空测试通过
2023-11-24 20:08:23,980-[INFO]-用例密码为空测试通过
2023-11-24 20:08:24,125-[INFO]-用例手机号未注册测试通过
2023-11-24 20:08:24,271-[INFO]-用例密码错误测试通过
2023-11-24 20:08:24,357-[INFO]-用例手机号格式错误测试通过
2023-11-24 20:08:42,949-[ERROR]-用例登录成功测试不通过
2023-11-24 20:08:43,075-[INFO]-用例手机号为空测试通过
2023-11-24 20:08:43,153-[INFO]-用例密码为空测试通过
2023-11-24 20:08:43,293-[INFO]-用例手机号未注册测试通过
2023-11-24 20:08:43,441-[INFO]-用例密码错误测试通过
2023-11-24 20:08:43,525-[INFO]-用例手机号格式错误测试通过
2023-11-24 20:08:56,732-[ERROR]-用例登录成功测试不通过
2023-11-24 20:08:56,827-[INFO]-用例手机号为空测试通过
2023-11-24 20:08:56,910-[INFO]-用例密码为空测试通过
2023-11-24 20:08:57,046-[INFO]-用例手机号未注册测试通过
2023-11-24 20:08:57,189-[INFO]-用例密码错误测试通过
2023-11-24 20:08:57,320-[INFO]-用例手机号格式错误测试通过
2023-11-24 20:09:08,390-[ERROR]-用例登录成功测试不通过
2023-11-24 20:09:08,481-[INFO]-用例手机号为空测试通过
2023-11-24 20:09:08,568-[INFO]-用例密码为空测试通过
2023-11-24 20:09:08,714-[INFO]-用例手机号未注册测试通过
2023-11-24 20:09:08,907-[INFO]-用例密码错误测试通过
2023-11-24 20:09:09,015-[INFO]-用例手机号格式错误测试通过
2023-11-24 20:09:49,229-[INFO]-用例手机号为空测试通过
2023-11-24 20:09:49,311-[INFO]-用例密码为空测试通过
2023-11-24 20:09:49,463-[INFO]-用例手机号未注册测试通过
2023-11-24 20:09:49,645-[INFO]-用例密码错误测试通过
2023-11-24 20:09:49,738-[INFO]-用例手机号格式错误测试通过
2023-11-24 20:19:39,780-[INFO]-用例登录成功测试通过
2023-11-24 20:19:39,874-[INFO]-用例手机号为空测试通过
2023-11-24 20:19:39,959-[INFO]-用例密码为空测试通过
2023-11-24 20:19:40,112-[INFO]-用例手机号未注册测试通过
2023-11-24 20:19:40,255-[INFO]-用例密码错误测试通过
2023-11-24 20:19:40,352-[INFO]-用例手机号格式错误测试通过
